<?xml version="1.0" encoding="UTF-8"?>
<coverage generated="1691706679097" clover="3.2.0">
  <project timestamp="1691706679097" name="All files">
    <metrics statements="20" coveredstatements="20" conditionals="26" coveredconditionals="14" methods="10" coveredmethods="10" elements="56" coveredelements="44" complexity="0" loc="20" ncloc="20" packages="10" files="10" classes="10"/>
    <package name="Icons.GitHubIcon">
      <metrics statements="2" coveredstatements="2" conditionals="1" coveredconditionals="1" methods="1" coveredmethods="1"/>
      <file name="GitHubIcon.tsx" path="C:\Users\Brandon\Documents\GitHub\elegant-cli\packages\elegant-ui\src\components\Icons\GitHubIcon\GitHubIcon.tsx">
        <metrics statements="2" coveredstatements="2" conditionals="1" coveredconditionals="1" methods="1" coveredmethods="1"/>
        <line num="14" count="1" type="stmt"/>
        <line num="17" count="1" type="stmt"/>
      </file>
    </package>
    <package name="Icons.MoonIcon">
      <metrics statements="2" coveredstatements="2" conditionals="8" coveredconditionals="5" methods="1" coveredmethods="1"/>
      <file name="MoonIcon.tsx" path="C:\Users\Brandon\Documents\GitHub\elegant-cli\packages\elegant-ui\src\components\Icons\MoonIcon\MoonIcon.tsx">
        <metrics statements="2" coveredstatements="2" conditionals="8" coveredconditionals="5" methods="1" coveredmethods="1"/>
        <line num="18" count="1" type="stmt"/>
        <line num="22" count="1" type="stmt"/>
      </file>
    </package>
    <package name="Icons.PCIcon">
      <metrics statements="2" coveredstatements="2" conditionals="6" coveredconditionals="4" methods="1" coveredmethods="1"/>
      <file name="PCIcon.tsx" path="C:\Users\Brandon\Documents\GitHub\elegant-cli\packages\elegant-ui\src\components\Icons\PCIcon\PCIcon.tsx">
        <metrics statements="2" coveredstatements="2" conditionals="6" coveredconditionals="4" methods="1" coveredmethods="1"/>
        <line num="18" count="1" type="stmt"/>
        <line num="22" count="1" type="stmt"/>
      </file>
    </package>
    <package name="Icons.SunIcon">
      <metrics statements="2" coveredstatements="2" conditionals="6" coveredconditionals="4" methods="1" coveredmethods="1"/>
      <file name="SunIcon.tsx" path="C:\Users\Brandon\Documents\GitHub\elegant-cli\packages\elegant-ui\src\components\Icons\SunIcon\SunIcon.tsx">
        <metrics statements="2" coveredstatements="2" conditionals="6" coveredconditionals="4" methods="1" coveredmethods="1"/>
        <line num="18" count="1" type="stmt"/>
        <line num="22" count="1" type="stmt"/>
      </file>
    </package>
    <package name="Logos.Logo">
      <metrics statements="2" coveredstatements="2" conditionals="1" coveredconditionals="0" methods="1" coveredmethods="1"/>
      <file name="Logo.tsx" path="C:\Users\Brandon\Documents\GitHub\elegant-cli\packages\elegant-ui\src\components\Logos\Logo\Logo.tsx">
        <metrics statements="2" coveredstatements="2" conditionals="1" coveredconditionals="0" methods="1" coveredmethods="1"/>
        <line num="14" count="1" type="stmt"/>
        <line num="18" count="1" type="stmt"/>
      </file>
    </package>
    <package name="Logos.MDXLogo">
      <metrics statements="2" coveredstatements="2" conditionals="1" coveredconditionals="0" methods="1" coveredmethods="1"/>
      <file name="MDXLogo.tsx" path="C:\Users\Brandon\Documents\GitHub\elegant-cli\packages\elegant-ui\src\components\Logos\MDXLogo\MDXLogo.tsx">
        <metrics statements="2" coveredstatements="2" conditionals="1" coveredconditionals="0" methods="1" coveredmethods="1"/>
        <line num="14" count="1" type="stmt"/>
        <line num="18" count="1" type="stmt"/>
      </file>
    </package>
    <package name="Logos.NextJsLogo">
      <metrics statements="2" coveredstatements="2" conditionals="1" coveredconditionals="0" methods="1" coveredmethods="1"/>
      <file name="NextJsLogo.tsx" path="C:\Users\Brandon\Documents\GitHub\elegant-cli\packages\elegant-ui\src\components\Logos\NextJsLogo\NextJsLogo.tsx">
        <metrics statements="2" coveredstatements="2" conditionals="1" coveredconditionals="0" methods="1" coveredmethods="1"/>
        <line num="14" count="1" type="stmt"/>
        <line num="18" count="1" type="stmt"/>
      </file>
    </package>
    <package name="Logos.ReactLogo">
      <metrics statements="2" coveredstatements="2" conditionals="1" coveredconditionals="0" methods="1" coveredmethods="1"/>
      <file name="ReactLogo.tsx" path="C:\Users\Brandon\Documents\GitHub\elegant-cli\packages\elegant-ui\src\components\Logos\ReactLogo\ReactLogo.tsx">
        <metrics statements="2" coveredstatements="2" conditionals="1" coveredconditionals="0" methods="1" coveredmethods="1"/>
        <line num="14" count="1" type="stmt"/>
        <line num="18" count="1" type="stmt"/>
      </file>
    </package>
    <package name="Logos.TailwindCSSLogo">
      <metrics statements="2" coveredstatements="2" conditionals="1" coveredconditionals="0" methods="1" coveredmethods="1"/>
      <file name="TailwindCSSLogo.tsx" path="C:\Users\Brandon\Documents\GitHub\elegant-cli\packages\elegant-ui\src\components\Logos\TailwindCSSLogo\TailwindCSSLogo.tsx">
        <metrics statements="2" coveredstatements="2" conditionals="1" coveredconditionals="0" methods="1" coveredmethods="1"/>
        <line num="14" count="1" type="stmt"/>
        <line num="18" count="1" type="stmt"/>
      </file>
    </package>
    <package name="Marks.PoweredByElegant">
      <metrics statements="2" coveredstatements="2" conditionals="0" coveredconditionals="0" methods="1" coveredmethods="1"/>
      <file name="PoweredByElegant.tsx" path="C:\Users\Brandon\Documents\GitHub\elegant-cli\packages\elegant-ui\src\components\Marks\PoweredByElegant\PoweredByElegant.tsx">
        <metrics statements="2" coveredstatements="2" conditionals="0" coveredconditionals="0" methods="1" coveredmethods="1"/>
        <line num="7" count="1" type="stmt"/>
        <line num="8" count="1" type="stmt"/>
      </file>
    </package>
  </project>
</coverage>
