{"C:\\Users\\Brandon\\Documents\\GitHub\\elegant-cli\\packages\\elegant-ui\\src\\components\\Icons\\GitHubIcon\\GitHubIcon.tsx": {"path":"C:\\Users\\Brandon\\Documents\\GitHub\\elegant-cli\\packages\\elegant-ui\\src\\components\\Icons\\GitHubIcon\\GitHubIcon.tsx","statementMap":{"0":{"start":{"line":14,"column":19},"end":{"line":27,"column":1}},"1":{"start":{"line":17,"column":4},"end":{"line":26,"column":6}}},"fnMap":{"0":{"name":"(anonymous_0)","decl":{"start":{"line":14,"column":19},"end":{"line":14,"column":20}},"loc":{"start":{"line":16,"column":13},"end":{"line":27,"column":1}},"line":16}},"branchMap":{"0":{"loc":{"start":{"line":15,"column":4},"end":{"line":15,"column":25}},"type":"default-arg","locations":[{"start":{"line":15,"column":16},"end":{"line":15,"column":25}}],"line":15}},"s":{"0":1,"1":1},"f":{"0":1},"b":{"0":[1]},"_coverageSchema":"1a1c01bbd47fc00a2c39e90264f33305004495a9","hash":"a028fb3c6149869010c840a26432ee3a2819cecd"}
,"C:\\Users\\Brandon\\Documents\\GitHub\\elegant-cli\\packages\\elegant-ui\\src\\components\\Icons\\MoonIcon\\MoonIcon.tsx": {"path":"C:\\Users\\Brandon\\Documents\\GitHub\\elegant-cli\\packages\\elegant-ui\\src\\components\\Icons\\MoonIcon\\MoonIcon.tsx","statementMap":{"0":{"start":{"line":18,"column":17},"end":{"line":42,"column":1}},"1":{"start":{"line":22,"column":4},"end":{"line":41,"column":8}}},"fnMap":{"0":{"name":"(anonymous_0)","decl":{"start":{"line":18,"column":17},"end":{"line":18,"column":18}},"loc":{"start":{"line":21,"column":13},"end":{"line":42,"column":1}},"line":21}},"branchMap":{"0":{"loc":{"start":{"line":19,"column":4},"end":{"line":19,"column":25}},"type":"default-arg","locations":[{"start":{"line":19,"column":16},"end":{"line":19,"column":25}}],"line":19},"1":{"loc":{"start":{"line":20,"column":4},"end":{"line":20,"column":20}},"type":"default-arg","locations":[{"start":{"line":20,"column":15},"end":{"line":20,"column":20}}],"line":20},"2":{"loc":{"start":{"line":28,"column":23},"end":{"line":28,"column":76}},"type":"cond-expr","locations":[{"start":{"line":28,"column":34},"end":{"line":28,"column":55}},{"start":{"line":28,"column":58},"end":{"line":28,"column":76}}],"line":28},"3":{"loc":{"start":{"line":32,"column":23},"end":{"line":32,"column":91}},"type":"cond-expr","locations":[{"start":{"line":32,"column":34},"end":{"line":32,"column":52}},{"start":{"line":32,"column":55},"end":{"line":32,"column":91}}],"line":32},"4":{"loc":{"start":{"line":38,"column":23},"end":{"line":38,"column":91}},"type":"cond-expr","locations":[{"start":{"line":38,"column":34},"end":{"line":38,"column":52}},{"start":{"line":38,"column":55},"end":{"line":38,"column":91}}],"line":38}},"s":{"0":1,"1":1},"f":{"0":1},"b":{"0":[1],"1":[1],"2":[0,1],"3":[0,1],"4":[0,1]},"_coverageSchema":"1a1c01bbd47fc00a2c39e90264f33305004495a9","hash":"e57d1cef856f8bee148325918bfb1be850f9925c"}
,"C:\\Users\\Brandon\\Documents\\GitHub\\elegant-cli\\packages\\elegant-ui\\src\\components\\Icons\\PCIcon\\PCIcon.tsx": {"path":"C:\\Users\\Brandon\\Documents\\GitHub\\elegant-cli\\packages\\elegant-ui\\src\\components\\Icons\\PCIcon\\PCIcon.tsx","statementMap":{"0":{"start":{"line":18,"column":15},"end":{"line":43,"column":1}},"1":{"start":{"line":22,"column":4},"end":{"line":42,"column":6}}},"fnMap":{"0":{"name":"(anonymous_0)","decl":{"start":{"line":18,"column":15},"end":{"line":18,"column":16}},"loc":{"start":{"line":21,"column":13},"end":{"line":43,"column":1}},"line":21}},"branchMap":{"0":{"loc":{"start":{"line":19,"column":4},"end":{"line":19,"column":25}},"type":"default-arg","locations":[{"start":{"line":19,"column":16},"end":{"line":19,"column":25}}],"line":19},"1":{"loc":{"start":{"line":20,"column":4},"end":{"line":20,"column":20}},"type":"default-arg","locations":[{"start":{"line":20,"column":15},"end":{"line":20,"column":20}}],"line":20},"2":{"loc":{"start":{"line":29,"column":20},"end":{"line":29,"column":114}},"type":"cond-expr","locations":[{"start":{"line":29,"column":31},"end":{"line":29,"column":71}},{"start":{"line":29,"column":74},"end":{"line":29,"column":114}}],"line":29},"3":{"loc":{"start":{"line":38,"column":20},"end":{"line":38,"column":94}},"type":"cond-expr","locations":[{"start":{"line":38,"column":31},"end":{"line":38,"column":51}},{"start":{"line":38,"column":54},"end":{"line":38,"column":94}}],"line":38}},"s":{"0":1,"1":1},"f":{"0":1},"b":{"0":[1],"1":[1],"2":[0,1],"3":[0,1]},"_coverageSchema":"1a1c01bbd47fc00a2c39e90264f33305004495a9","hash":"18e8b32b613ca16737e7376cf61acbc25683baf3"}
,"C:\\Users\\Brandon\\Documents\\GitHub\\elegant-cli\\packages\\elegant-ui\\src\\components\\Icons\\SunIcon\\SunIcon.tsx": {"path":"C:\\Users\\Brandon\\Documents\\GitHub\\elegant-cli\\packages\\elegant-ui\\src\\components\\Icons\\SunIcon\\SunIcon.tsx","statementMap":{"0":{"start":{"line":18,"column":16},"end":{"line":43,"column":1}},"1":{"start":{"line":22,"column":4},"end":{"line":42,"column":6}}},"fnMap":{"0":{"name":"(anonymous_0)","decl":{"start":{"line":18,"column":16},"end":{"line":18,"column":17}},"loc":{"start":{"line":21,"column":13},"end":{"line":43,"column":1}},"line":21}},"branchMap":{"0":{"loc":{"start":{"line":19,"column":4},"end":{"line":19,"column":25}},"type":"default-arg","locations":[{"start":{"line":19,"column":16},"end":{"line":19,"column":25}}],"line":19},"1":{"loc":{"start":{"line":20,"column":4},"end":{"line":20,"column":20}},"type":"default-arg","locations":[{"start":{"line":20,"column":15},"end":{"line":20,"column":20}}],"line":20},"2":{"loc":{"start":{"line":34,"column":12},"end":{"line":34,"column":106}},"type":"cond-expr","locations":[{"start":{"line":34,"column":23},"end":{"line":34,"column":63}},{"start":{"line":34,"column":66},"end":{"line":34,"column":106}}],"line":34},"3":{"loc":{"start":{"line":39,"column":23},"end":{"line":39,"column":97}},"type":"cond-expr","locations":[{"start":{"line":39,"column":34},"end":{"line":39,"column":54}},{"start":{"line":39,"column":57},"end":{"line":39,"column":97}}],"line":39}},"s":{"0":1,"1":1},"f":{"0":1},"b":{"0":[1],"1":[1],"2":[0,1],"3":[0,1]},"_coverageSchema":"1a1c01bbd47fc00a2c39e90264f33305004495a9","hash":"e672d2f5022f172eec9089cc4c60b5ca8078ea22"}
,"C:\\Users\\Brandon\\Documents\\GitHub\\elegant-cli\\packages\\elegant-ui\\src\\components\\Logos\\Logo\\Logo.tsx": {"path":"C:\\Users\\Brandon\\Documents\\GitHub\\elegant-cli\\packages\\elegant-ui\\src\\components\\Logos\\Logo\\Logo.tsx","statementMap":{"0":{"start":{"line":14,"column":13},"end":{"line":50,"column":1}},"1":{"start":{"line":18,"column":4},"end":{"line":49,"column":6}}},"fnMap":{"0":{"name":"(anonymous_0)","decl":{"start":{"line":14,"column":13},"end":{"line":14,"column":14}},"loc":{"start":{"line":17,"column":13},"end":{"line":50,"column":1}},"line":17}},"branchMap":{"0":{"loc":{"start":{"line":15,"column":4},"end":{"line":15,"column":28}},"type":"default-arg","locations":[{"start":{"line":15,"column":16},"end":{"line":15,"column":28}}],"line":15}},"s":{"0":1,"1":1},"f":{"0":1},"b":{"0":[0]},"_coverageSchema":"1a1c01bbd47fc00a2c39e90264f33305004495a9","hash":"18ed580fa1b12f49ab5c543007154f91e0d2ed61"}
,"C:\\Users\\Brandon\\Documents\\GitHub\\elegant-cli\\packages\\elegant-ui\\src\\components\\Logos\\MDXLogo\\MDXLogo.tsx": {"path":"C:\\Users\\Brandon\\Documents\\GitHub\\elegant-cli\\packages\\elegant-ui\\src\\components\\Logos\\MDXLogo\\MDXLogo.tsx","statementMap":{"0":{"start":{"line":14,"column":16},"end":{"line":32,"column":1}},"1":{"start":{"line":18,"column":4},"end":{"line":31,"column":6}}},"fnMap":{"0":{"name":"(anonymous_0)","decl":{"start":{"line":14,"column":16},"end":{"line":14,"column":17}},"loc":{"start":{"line":17,"column":13},"end":{"line":32,"column":1}},"line":17}},"branchMap":{"0":{"loc":{"start":{"line":15,"column":4},"end":{"line":15,"column":28}},"type":"default-arg","locations":[{"start":{"line":15,"column":16},"end":{"line":15,"column":28}}],"line":15}},"s":{"0":1,"1":1},"f":{"0":1},"b":{"0":[0]},"_coverageSchema":"1a1c01bbd47fc00a2c39e90264f33305004495a9","hash":"3d3cea734304978c64d0f742bd5ac37b9a29ecb6"}
,"C:\\Users\\Brandon\\Documents\\GitHub\\elegant-cli\\packages\\elegant-ui\\src\\components\\Logos\\NextJsLogo\\NextJsLogo.tsx": {"path":"C:\\Users\\Brandon\\Documents\\GitHub\\elegant-cli\\packages\\elegant-ui\\src\\components\\Logos\\NextJsLogo\\NextJsLogo.tsx","statementMap":{"0":{"start":{"line":14,"column":19},"end":{"line":41,"column":1}},"1":{"start":{"line":18,"column":4},"end":{"line":40,"column":6}}},"fnMap":{"0":{"name":"(anonymous_0)","decl":{"start":{"line":14,"column":19},"end":{"line":14,"column":20}},"loc":{"start":{"line":17,"column":13},"end":{"line":41,"column":1}},"line":17}},"branchMap":{"0":{"loc":{"start":{"line":15,"column":4},"end":{"line":15,"column":28}},"type":"default-arg","locations":[{"start":{"line":15,"column":16},"end":{"line":15,"column":28}}],"line":15}},"s":{"0":1,"1":1},"f":{"0":1},"b":{"0":[0]},"_coverageSchema":"1a1c01bbd47fc00a2c39e90264f33305004495a9","hash":"9b52e0d25278419cf6410a662340ce9509149a26"}
,"C:\\Users\\Brandon\\Documents\\GitHub\\elegant-cli\\packages\\elegant-ui\\src\\components\\Logos\\ReactLogo\\ReactLogo.tsx": {"path":"C:\\Users\\Brandon\\Documents\\GitHub\\elegant-cli\\packages\\elegant-ui\\src\\components\\Logos\\ReactLogo\\ReactLogo.tsx","statementMap":{"0":{"start":{"line":14,"column":18},"end":{"line":32,"column":1}},"1":{"start":{"line":18,"column":4},"end":{"line":31,"column":6}}},"fnMap":{"0":{"name":"(anonymous_0)","decl":{"start":{"line":14,"column":18},"end":{"line":14,"column":19}},"loc":{"start":{"line":17,"column":13},"end":{"line":32,"column":1}},"line":17}},"branchMap":{"0":{"loc":{"start":{"line":15,"column":4},"end":{"line":15,"column":28}},"type":"default-arg","locations":[{"start":{"line":15,"column":16},"end":{"line":15,"column":28}}],"line":15}},"s":{"0":1,"1":1},"f":{"0":1},"b":{"0":[0]},"_coverageSchema":"1a1c01bbd47fc00a2c39e90264f33305004495a9","hash":"ddacaa697f467cad2d2b81f35f68e7d7f425c70e"}
,"C:\\Users\\Brandon\\Documents\\GitHub\\elegant-cli\\packages\\elegant-ui\\src\\components\\Logos\\TailwindCSSLogo\\TailwindCSSLogo.tsx": {"path":"C:\\Users\\Brandon\\Documents\\GitHub\\elegant-cli\\packages\\elegant-ui\\src\\components\\Logos\\TailwindCSSLogo\\TailwindCSSLogo.tsx","statementMap":{"0":{"start":{"line":14,"column":24},"end":{"line":29,"column":1}},"1":{"start":{"line":18,"column":4},"end":{"line":28,"column":6}}},"fnMap":{"0":{"name":"(anonymous_0)","decl":{"start":{"line":14,"column":24},"end":{"line":14,"column":25}},"loc":{"start":{"line":17,"column":13},"end":{"line":29,"column":1}},"line":17}},"branchMap":{"0":{"loc":{"start":{"line":15,"column":4},"end":{"line":15,"column":28}},"type":"default-arg","locations":[{"start":{"line":15,"column":16},"end":{"line":15,"column":28}}],"line":15}},"s":{"0":1,"1":1},"f":{"0":1},"b":{"0":[0]},"_coverageSchema":"1a1c01bbd47fc00a2c39e90264f33305004495a9","hash":"0472689d5eb5222cc6f898262041bb00d101b5ce"}
,"C:\\Users\\Brandon\\Documents\\GitHub\\elegant-cli\\packages\\elegant-ui\\src\\components\\Marks\\PoweredByElegant\\PoweredByElegant.tsx": {"path":"C:\\Users\\Brandon\\Documents\\GitHub\\elegant-cli\\packages\\elegant-ui\\src\\components\\Marks\\PoweredByElegant\\PoweredByElegant.tsx","statementMap":{"0":{"start":{"line":7,"column":25},"end":{"line":25,"column":1}},"1":{"start":{"line":8,"column":4},"end":{"line":24,"column":6}}},"fnMap":{"0":{"name":"(anonymous_0)","decl":{"start":{"line":7,"column":25},"end":{"line":7,"column":26}},"loc":{"start":{"line":7,"column":31},"end":{"line":25,"column":1}},"line":7}},"branchMap":{},"s":{"0":1,"1":1},"f":{"0":1},"b":{},"_coverageSchema":"1a1c01bbd47fc00a2c39e90264f33305004495a9","hash":"cb20d2046ea7f93c8b49317ed62e19f3aefac644"}
}
