TN:
SF:src\components\Icons\GitHubIcon\GitHubIcon.tsx
FN:14,(anonymous_0)
FNF:1
FNH:1
FNDA:1,(anonymous_0)
DA:14,1
DA:17,1
LF:2
LH:2
BRDA:15,0,0,1
BRF:1
BRH:1
end_of_record
TN:
SF:src\components\Icons\MoonIcon\MoonIcon.tsx
FN:18,(anonymous_0)
FNF:1
FNH:1
FNDA:1,(anonymous_0)
DA:18,1
DA:22,1
LF:2
LH:2
BRDA:19,0,0,1
BRDA:20,1,0,1
BRDA:28,2,0,0
BRDA:28,2,1,1
BRDA:32,3,0,0
BRDA:32,3,1,1
BRDA:38,4,0,0
BRDA:38,4,1,1
BRF:8
BRH:5
end_of_record
TN:
SF:src\components\Icons\PCIcon\PCIcon.tsx
FN:18,(anonymous_0)
FNF:1
FNH:1
FNDA:1,(anonymous_0)
DA:18,1
DA:22,1
LF:2
LH:2
BRDA:19,0,0,1
BRDA:20,1,0,1
BRDA:29,2,0,0
BRDA:29,2,1,1
BRDA:38,3,0,0
BRDA:38,3,1,1
BRF:6
BRH:4
end_of_record
TN:
SF:src\components\Icons\SunIcon\SunIcon.tsx
FN:18,(anonymous_0)
FNF:1
FNH:1
FNDA:1,(anonymous_0)
DA:18,1
DA:22,1
LF:2
LH:2
BRDA:19,0,0,1
BRDA:20,1,0,1
BRDA:34,2,0,0
BRDA:34,2,1,1
BRDA:39,3,0,0
BRDA:39,3,1,1
BRF:6
BRH:4
end_of_record
TN:
SF:src\components\Logos\Logo\Logo.tsx
FN:14,(anonymous_0)
FNF:1
FNH:1
FNDA:1,(anonymous_0)
DA:14,1
DA:18,1
LF:2
LH:2
BRDA:15,0,0,0
BRF:1
BRH:0
end_of_record
TN:
SF:src\components\Logos\MDXLogo\MDXLogo.tsx
FN:14,(anonymous_0)
FNF:1
FNH:1
FNDA:1,(anonymous_0)
DA:14,1
DA:18,1
LF:2
LH:2
BRDA:15,0,0,0
BRF:1
BRH:0
end_of_record
TN:
SF:src\components\Logos\NextJsLogo\NextJsLogo.tsx
FN:14,(anonymous_0)
FNF:1
FNH:1
FNDA:1,(anonymous_0)
DA:14,1
DA:18,1
LF:2
LH:2
BRDA:15,0,0,0
BRF:1
BRH:0
end_of_record
TN:
SF:src\components\Logos\ReactLogo\ReactLogo.tsx
FN:14,(anonymous_0)
FNF:1
FNH:1
FNDA:1,(anonymous_0)
DA:14,1
DA:18,1
LF:2
LH:2
BRDA:15,0,0,0
BRF:1
BRH:0
end_of_record
TN:
SF:src\components\Logos\TailwindCSSLogo\TailwindCSSLogo.tsx
FN:14,(anonymous_0)
FNF:1
FNH:1
FNDA:1,(anonymous_0)
DA:14,1
DA:18,1
LF:2
LH:2
BRDA:15,0,0,0
BRF:1
BRH:0
end_of_record
TN:
SF:src\components\Marks\PoweredByElegant\PoweredByElegant.tsx
FN:7,(anonymous_0)
FNF:1
FNH:1
FNDA:1,(anonymous_0)
DA:7,1
DA:8,1
LF:2
LH:2
BRF:0
BRH:0
end_of_record
